INFO 2020-04-18 04:24:57,475 autoreload 597 Watching for file changes with StatReloader
INFO 2020-04-18 04:25:06,010 basehttp 154 "GET / HTTP/1.1" 200 16348
INFO 2020-04-18 04:25:06,114 basehttp 154 "GET /static/admin/css/fonts.css HTTP/1.1" 304 0
INFO 2020-04-18 04:25:06,195 basehttp 154 "GET /static/admin/fonts/Roboto-Light-webfont.woff HTTP/1.1" 304 0
INFO 2020-04-18 04:25:06,203 basehttp 154 "GET /static/admin/fonts/Roboto-Regular-webfont.woff HTTP/1.1" 304 0
INFO 2020-04-18 04:25:06,223 basehttp 154 "GET /static/admin/fonts/Roboto-Bold-webfont.woff HTTP/1.1" 304 0
INFO 2020-04-20 02:51:40,738 autoreload 597 Watching for file changes with StatReloader
INFO 2020-04-20 02:56:32,584 autoreload 597 Watching for file changes with StatReloader
INFO 2020-04-20 03:14:12,921 autoreload 597 Watching for file changes with StatReloader
INFO 2020-04-20 06:40:38,546 autoreload 597 Watching for file changes with StatReloader
INFO 2020-04-20 06:41:22,107 autoreload 597 Watching for file changes with StatReloader
INFO 2020-04-20 06:42:02,834 autoreload 597 Watching for file changes with StatReloader
INFO 2020-04-20 06:42:55,701 autoreload 597 Watching for file changes with StatReloader
INFO 2020-04-20 07:01:08,843 autoreload 597 Watching for file changes with StatReloader
INFO 2020-04-20 07:01:27,410 autoreload 597 Watching for file changes with StatReloader
INFO 2020-04-20 08:36:59,902 autoreload 597 Watching for file changes with StatReloader
INFO 2020-04-20 08:37:12,816 autoreload 597 Watching for file changes with StatReloader
INFO 2020-04-21 01:47:13,051 autoreload 597 Watching for file changes with StatReloader
INFO 2020-04-21 01:51:32,917 autoreload 597 Watching for file changes with StatReloader
INFO 2020-04-21 01:54:10,960 autoreload 217 /home/ubuntu/Desktop/meiduo_project/meiduo_mall/meiduo_mall/apps/users/urls.py changed, reloading.
INFO 2020-04-21 01:54:11,272 autoreload 597 Watching for file changes with StatReloader
INFO 2020-04-21 01:55:07,127 autoreload 217 /home/ubuntu/Desktop/meiduo_project/meiduo_mall/meiduo_mall/urls.py changed, reloading.
INFO 2020-04-21 01:55:07,441 autoreload 597 Watching for file changes with StatReloader
INFO 2020-04-21 01:58:13,469 autoreload 597 Watching for file changes with StatReloader
INFO 2020-04-21 02:01:03,636 autoreload 597 Watching for file changes with StatReloader
INFO 2020-04-21 02:04:42,810 autoreload 217 /home/ubuntu/Desktop/meiduo_project/meiduo_mall/meiduo_mall/apps/users/urls.py changed, reloading.
INFO 2020-04-21 02:04:43,346 autoreload 597 Watching for file changes with StatReloader
INFO 2020-04-21 02:04:55,631 autoreload 597 Watching for file changes with StatReloader
WARNING 2020-04-21 02:11:32,279 log 228 Not Found: /image_codes/081b1de7-f925-4c58-880e-b03aa1cf1d47/
WARNING 2020-04-21 02:11:32,280 basehttp 154 "GET /image_codes/081b1de7-f925-4c58-880e-b03aa1cf1d47/ HTTP/1.1" 404 2291
WARNING 2020-04-21 02:11:41,305 log 228 Not Found: /image_codes/090feb2d-b2a1-41a8-888b-20f5fc6ef36e/
WARNING 2020-04-21 02:11:41,309 basehttp 154 "GET /image_codes/090feb2d-b2a1-41a8-888b-20f5fc6ef36e/ HTTP/1.1" 404 2291
WARNING 2020-04-21 02:11:42,288 log 228 Not Found: /image_codes/3389f844-9d6b-4943-b1ff-ff96596da4b0/
WARNING 2020-04-21 02:11:42,289 basehttp 154 "GET /image_codes/3389f844-9d6b-4943-b1ff-ff96596da4b0/ HTTP/1.1" 404 2291
INFO 2020-04-21 02:12:04,191 autoreload 597 Watching for file changes with StatReloader
INFO 2020-04-21 02:13:28,643 autoreload 597 Watching for file changes with StatReloader
INFO 2020-04-21 02:17:25,519 autoreload 597 Watching for file changes with StatReloader
INFO 2020-04-21 02:17:32,652 autoreload 597 Watching for file changes with StatReloader
WARNING 2020-04-21 02:17:42,026 log 228 Not Found: /image_codes/9767a8e7-6487-415b-940d-d3e70a6188ff/
WARNING 2020-04-21 02:17:42,027 basehttp 154 "GET /image_codes/9767a8e7-6487-415b-940d-d3e70a6188ff/ HTTP/1.1" 404 2291
WARNING 2020-04-21 02:23:14,158 log 228 Not Found: /image_codes/d4c09335-c039-4a29-a403-e3dddaaeb358/
WARNING 2020-04-21 02:23:14,160 basehttp 154 "GET /image_codes/d4c09335-c039-4a29-a403-e3dddaaeb358/ HTTP/1.1" 404 2291
WARNING 2020-04-21 02:24:02,924 log 228 Not Found: /carts/simple/
WARNING 2020-04-21 02:24:02,925 basehttp 154 "GET /carts/simple/ HTTP/1.1" 404 2183
WARNING 2020-04-21 02:24:05,838 log 228 Not Found: /image_codes/db81ca40-cb44-4e93-b2f6-515eb812add5/
WARNING 2020-04-21 02:24:05,838 basehttp 154 "GET /image_codes/db81ca40-cb44-4e93-b2f6-515eb812add5/ HTTP/1.1" 404 2291
INFO 2020-04-21 02:24:54,515 autoreload 597 Watching for file changes with StatReloader
WARNING 2020-04-21 02:25:01,617 log 228 Not Found: /image_codes/02cd12e3-6601-4d6a-aaaf-384ca0c4cb70/
WARNING 2020-04-21 02:25:01,618 basehttp 154 "GET /image_codes/02cd12e3-6601-4d6a-aaaf-384ca0c4cb70/ HTTP/1.1" 404 2291
INFO 2020-04-21 02:25:14,439 basehttp 154 "GET /usernames/meihao/count/ HTTP/1.1" 200 39
WARNING 2020-04-21 02:25:16,009 log 228 Not Found: /image_codes/7efdf36b-7932-423a-abe5-cb2671f61975/
WARNING 2020-04-21 02:25:16,009 basehttp 154 "GET /image_codes/7efdf36b-7932-423a-abe5-cb2671f61975/ HTTP/1.1" 404 2291
INFO 2020-04-21 02:25:19,309 basehttp 154 "GET /usernames/meihao/count/ HTTP/1.1" 200 39
INFO 2020-04-21 02:25:45,860 basehttp 154 "GET /usernames/meihao/count/ HTTP/1.1" 200 39
INFO 2020-04-21 02:25:51,830 basehttp 154 "GET /usernames/meihao/count/ HTTP/1.1" 200 39
INFO 2020-04-21 02:25:53,937 basehttp 154 "GET /usernames/meihao/count/ HTTP/1.1" 200 39
INFO 2020-04-21 02:25:56,020 basehttp 154 "GET /usernames/meihao/count/ HTTP/1.1" 200 39
INFO 2020-04-21 02:26:00,309 basehttp 154 "GET /usernames/meihao/count/ HTTP/1.1" 200 39
INFO 2020-04-21 02:26:02,844 basehttp 154 "GET /usernames/meihao/count/ HTTP/1.1" 200 39
INFO 2020-04-21 02:26:19,830 basehttp 154 "GET /usernames/meihao/count/ HTTP/1.1" 200 39
WARNING 2020-04-21 02:26:58,524 log 228 Not Found: /image_codes/908986d3-a6f8-4156-b50f-5035fa20ee0b/
WARNING 2020-04-21 02:26:58,525 basehttp 154 "GET /image_codes/908986d3-a6f8-4156-b50f-5035fa20ee0b/ HTTP/1.1" 404 2291
INFO 2020-04-21 02:28:02,799 autoreload 597 Watching for file changes with StatReloader
INFO 2020-04-21 02:28:19,379 basehttp 154 "GET /usernames/meihao/count/ HTTP/1.1" 200 39
INFO 2020-04-21 02:29:30,162 autoreload 597 Watching for file changes with StatReloader
INFO 2020-04-21 02:29:37,659 autoreload 597 Watching for file changes with StatReloader
WARNING 2020-04-21 02:30:07,240 log 228 Not Found: /image_codes/6cdd8b9e-de40-4b95-a0d7-991e1ef422f1/
WARNING 2020-04-21 02:30:07,242 basehttp 154 "GET /image_codes/6cdd8b9e-de40-4b95-a0d7-991e1ef422f1/ HTTP/1.1" 404 2291
INFO 2020-04-21 02:30:30,031 basehttp 154 "GET /usernames/meihao/count/ HTTP/1.1" 200 39
INFO 2020-04-21 02:30:37,002 autoreload 597 Watching for file changes with StatReloader
WARNING 2020-04-21 02:31:19,426 log 228 Not Found: /image_codes/782c7e56-876a-4175-b931-9c23b88a7f28/
WARNING 2020-04-21 02:31:19,428 basehttp 154 "GET /image_codes/782c7e56-876a-4175-b931-9c23b88a7f28/ HTTP/1.1" 404 2291
INFO 2020-04-21 02:31:58,542 autoreload 597 Watching for file changes with StatReloader
INFO 2020-04-21 02:32:28,145 autoreload 597 Watching for file changes with StatReloader
WARNING 2020-04-21 02:32:32,216 log 228 Not Found: /image_codes/4fb6df08-60b5-4864-96c3-3398f1e60568/
WARNING 2020-04-21 02:32:32,217 basehttp 154 "GET /image_codes/4fb6df08-60b5-4864-96c3-3398f1e60568/ HTTP/1.1" 404 2291
INFO 2020-04-21 02:32:35,594 basehttp 154 "GET /usernames/meihao/count/ HTTP/1.1" 200 39
WARNING 2020-04-21 02:32:43,534 log 228 Not Found: /image_codes/83932a35-500f-4b79-8533-d8d24139aa0f/
WARNING 2020-04-21 02:32:43,536 basehttp 154 "GET /image_codes/83932a35-500f-4b79-8533-d8d24139aa0f/ HTTP/1.1" 404 2291
INFO 2020-04-21 02:33:33,420 autoreload 597 Watching for file changes with StatReloader
WARNING 2020-04-21 02:33:37,251 log 228 Not Found: /image_codes/5ead2514-f585-4258-89ac-a9e9e7af9eb7/
WARNING 2020-04-21 02:33:37,251 basehttp 154 "GET /image_codes/5ead2514-f585-4258-89ac-a9e9e7af9eb7/ HTTP/1.1" 404 2291
INFO 2020-04-21 02:34:42,781 basehttp 154 "GET /usernames/meihao/count/ HTTP/1.1" 200 41
INFO 2020-04-21 02:38:47,709 basehttp 154 "GET /usernames/meihao/count/ HTTP/1.1" 200 41
INFO 2020-04-21 02:40:30,291 autoreload 597 Watching for file changes with StatReloader
INFO 2020-04-21 02:40:33,401 basehttp 154 "GET /usernames/meihao/count/ HTTP/1.1" 200 41
INFO 2020-04-21 02:40:37,910 basehttp 154 "GET /usernames/meihao/count/ HTTP/1.1" 200 41
WARNING 2020-04-21 02:40:39,232 log 228 Not Found: /image_codes/8fbdbc64-7a4b-4b5b-a29a-2cd039285bcd/
WARNING 2020-04-21 02:40:39,233 basehttp 154 "GET /image_codes/8fbdbc64-7a4b-4b5b-a29a-2cd039285bcd/ HTTP/1.1" 404 2291
INFO 2020-04-21 02:40:48,095 basehttp 154 "GET /usernames/pancan/count/ HTTP/1.1" 200 41
WARNING 2020-04-21 02:40:52,600 log 228 Not Found: /image_codes/733470b2-746f-4e4c-b22e-bc55acad2a43/
WARNING 2020-04-21 02:40:52,602 basehttp 154 "GET /image_codes/733470b2-746f-4e4c-b22e-bc55acad2a43/ HTTP/1.1" 404 2291
INFO 2020-04-21 02:41:33,272 basehttp 154 "GET /usernames/pancan/count/ HTTP/1.1" 200 41
WARNING 2020-04-21 02:41:53,169 log 228 Not Found: /image_codes/461fecd8-f1cf-4c60-b24f-56003053f5d2/
WARNING 2020-04-21 02:41:53,181 basehttp 154 "GET /image_codes/461fecd8-f1cf-4c60-b24f-56003053f5d2/ HTTP/1.1" 404 2291
INFO 2020-04-21 02:42:04,072 basehttp 154 "GET /usernames/pancan/count/ HTTP/1.1" 200 41
INFO 2020-04-21 02:42:05,488 basehttp 154 "GET /usernames/pancan/count/ HTTP/1.1" 200 41
WARNING 2020-04-21 02:42:06,930 log 228 Not Found: /image_codes/b47b182f-a26c-4cc3-8a73-d59e79c147e9/
WARNING 2020-04-21 02:42:06,931 basehttp 154 "GET /image_codes/b47b182f-a26c-4cc3-8a73-d59e79c147e9/ HTTP/1.1" 404 2291
INFO 2020-04-21 02:42:10,425 basehttp 154 "GET /usernames/meiaho/count/ HTTP/1.1" 200 41
WARNING 2020-04-21 02:44:10,194 log 228 Not Found: /image_codes/f3db27d6-2c3c-494b-a962-c50c793c426b/
WARNING 2020-04-21 02:44:10,202 basehttp 154 "GET /image_codes/f3db27d6-2c3c-494b-a962-c50c793c426b/ HTTP/1.1" 404 2291
WARNING 2020-04-21 02:44:57,029 log 228 Not Found: /image_codes/361844e8-b8dd-4f3a-9f8f-fd37a7c05b70/
WARNING 2020-04-21 02:44:57,030 basehttp 154 "GET /image_codes/361844e8-b8dd-4f3a-9f8f-fd37a7c05b70/ HTTP/1.1" 404 2291
INFO 2020-04-21 02:45:01,521 basehttp 154 "GET /usernames/meihao/count/ HTTP/1.1" 200 41
INFO 2020-04-21 02:46:09,594 basehttp 154 "GET /usernames/meihao/count/ HTTP/1.1" 200 41
WARNING 2020-04-21 02:47:54,775 log 228 Not Found: /image_codes/2cd0c4ca-fe0c-42ab-893f-88ab3af4fa90/
WARNING 2020-04-21 02:47:54,775 basehttp 154 "GET /image_codes/2cd0c4ca-fe0c-42ab-893f-88ab3af4fa90/ HTTP/1.1" 404 2291
WARNING 2020-04-21 02:48:02,155 log 228 Not Found: /image_codes/e87548d8-28f2-47fb-8d3b-a1bc9bac9772/
WARNING 2020-04-21 02:48:02,156 basehttp 154 "GET /image_codes/e87548d8-28f2-47fb-8d3b-a1bc9bac9772/ HTTP/1.1" 404 2291
INFO 2020-04-21 02:48:06,033 basehttp 154 "GET /usernames/meihao/count/ HTTP/1.1" 200 41
WARNING 2020-04-21 02:49:02,126 log 228 Not Found: /image_codes/97422286-81a4-4215-b6dc-131d9452bdcb/
WARNING 2020-04-21 02:49:02,126 basehttp 154 "GET /image_codes/97422286-81a4-4215-b6dc-131d9452bdcb/ HTTP/1.1" 404 2291
INFO 2020-04-21 02:49:07,652 basehttp 154 "GET /usernames/meiaho/count/ HTTP/1.1" 200 41
WARNING 2020-04-21 02:49:09,881 log 228 Not Found: /image_codes/f419d7bf-fa94-48ae-b861-a1d45b70b20b/
WARNING 2020-04-21 02:49:09,882 basehttp 154 "GET /image_codes/f419d7bf-fa94-48ae-b861-a1d45b70b20b/ HTTP/1.1" 404 2291
INFO 2020-04-21 02:51:38,827 autoreload 217 /home/ubuntu/Desktop/meiduo_project/meiduo_mall/meiduo_mall/apps/users/views.py changed, reloading.
INFO 2020-04-21 02:51:39,305 autoreload 597 Watching for file changes with StatReloader
INFO 2020-04-21 02:51:46,388 basehttp 154 "GET /usernames/meiaho/count/ HTTP/1.1" 200 39
WARNING 2020-04-21 02:54:49,588 log 228 Not Found: /image_codes/866aacf9-346e-4a21-8a94-0282980ca522/
WARNING 2020-04-21 02:54:49,589 basehttp 154 "GET /image_codes/866aacf9-346e-4a21-8a94-0282980ca522/ HTTP/1.1" 404 2291
WARNING 2020-04-21 02:55:02,330 log 228 Not Found: /image_codes/7fccb611-0257-4b7f-bf93-b26b72ae50be/
WARNING 2020-04-21 02:55:02,331 basehttp 154 "GET /image_codes/7fccb611-0257-4b7f-bf93-b26b72ae50be/ HTTP/1.1" 404 2291
INFO 2020-04-21 02:55:06,505 basehttp 154 "GET /usernames/meihao/count/ HTTP/1.1" 200 39
WARNING 2020-04-21 03:00:24,887 log 228 Not Found: /image_codes/55ded47e-7006-4ece-a2fc-fff77c4d12cd/
WARNING 2020-04-21 03:00:24,887 basehttp 154 "GET /image_codes/55ded47e-7006-4ece-a2fc-fff77c4d12cd/ HTTP/1.1" 404 2291
WARNING 2020-04-21 03:00:35,452 log 228 Not Found: /image_codes/ca964148-0fc3-4817-87de-f4342e19b4bf/
WARNING 2020-04-21 03:00:35,453 basehttp 154 "GET /image_codes/ca964148-0fc3-4817-87de-f4342e19b4bf/ HTTP/1.1" 404 2291
INFO 2020-04-21 03:00:38,511 basehttp 154 "GET /usernames/meihao/count/ HTTP/1.1" 200 39
WARNING 2020-04-21 03:02:35,286 log 228 Not Found: /image_codes/472a6d7c-e1f5-4cb0-922b-7b67a85e04f5/
WARNING 2020-04-21 03:02:35,289 basehttp 154 "GET /image_codes/472a6d7c-e1f5-4cb0-922b-7b67a85e04f5/ HTTP/1.1" 404 2291
INFO 2020-04-21 03:02:38,551 basehttp 154 "GET /usernames/meihao/count/ HTTP/1.1" 200 39
INFO 2020-04-21 03:02:40,225 basehttp 154 "GET /usernames/meihao/count/ HTTP/1.1" 200 39
WARNING 2020-04-21 03:02:59,644 log 228 Not Found: /image_codes/233c2445-f139-4086-97f7-81849545023b/
WARNING 2020-04-21 03:02:59,645 basehttp 154 "GET /image_codes/233c2445-f139-4086-97f7-81849545023b/ HTTP/1.1" 404 2291
WARNING 2020-04-21 03:03:07,165 log 228 Not Found: /image_codes/d2565876-9851-46bd-bce4-46ab51881fd2/
WARNING 2020-04-21 03:03:07,166 basehttp 154 "GET /image_codes/d2565876-9851-46bd-bce4-46ab51881fd2/ HTTP/1.1" 404 2291
INFO 2020-04-21 03:03:09,761 basehttp 154 "GET /usernames/meihao/count/ HTTP/1.1" 200 39
INFO 2020-04-21 03:09:20,209 autoreload 597 Watching for file changes with StatReloader
WARNING 2020-04-21 03:09:24,172 log 228 Not Found: /image_codes/155907ff-c453-4c96-9bb1-8bedf788fa0f/
WARNING 2020-04-21 03:09:24,179 basehttp 154 "GET /image_codes/155907ff-c453-4c96-9bb1-8bedf788fa0f/ HTTP/1.1" 404 2484
INFO 2020-04-21 03:09:27,531 basehttp 154 "GET /usernames/chuanzhi/count/ HTTP/1.1" 200 39
INFO 2020-04-21 03:09:34,800 basehttp 154 "GET /mobiles/15972148869/count/ HTTP/1.1" 200 39
INFO 2020-04-21 03:09:48,103 basehttp 154 "GET /usernames/chuanzhi/count/ HTTP/1.1" 200 39
WARNING 2020-04-21 03:09:48,159 log 228 Not Found: /favicon.ico
WARNING 2020-04-21 03:09:48,159 basehttp 154 "GET /favicon.ico HTTP/1.1" 404 2370
INFO 2020-04-21 03:10:29,003 basehttp 154 "GET /usernames/pancan/count/ HTTP/1.1" 200 39
INFO 2020-04-21 03:14:51,753 autoreload 217 /home/ubuntu/Desktop/meiduo_project/meiduo_mall/meiduo_mall/urls.py changed, reloading.
INFO 2020-04-21 03:14:52,244 autoreload 597 Watching for file changes with StatReloader
WARNING 2020-04-21 03:16:31,903 log 228 Not Found: /image_codes/093e8851-3ef1-453d-8ea1-b4c96e17ebb6/
WARNING 2020-04-21 03:16:31,906 basehttp 154 "GET /image_codes/093e8851-3ef1-453d-8ea1-b4c96e17ebb6/ HTTP/1.1" 404 2484
WARNING 2020-04-21 03:16:32,706 log 228 Not Found: /image_codes/6a802572-ab66-445d-9420-d821037c6780/
WARNING 2020-04-21 03:16:32,706 basehttp 154 "GET /image_codes/6a802572-ab66-445d-9420-d821037c6780/ HTTP/1.1" 404 2484
WARNING 2020-04-21 03:16:34,010 log 228 Not Found: /image_codes/47059fce-43ba-4c9d-b72f-d91ebe9bcefb/
WARNING 2020-04-21 03:16:34,010 basehttp 154 "GET /image_codes/47059fce-43ba-4c9d-b72f-d91ebe9bcefb/ HTTP/1.1" 404 2484
INFO 2020-04-21 03:27:21,574 autoreload 217 /home/ubuntu/Desktop/meiduo_project/meiduo_mall/meiduo_mall/settings/dev.py changed, reloading.
INFO 2020-04-21 03:27:21,915 autoreload 597 Watching for file changes with StatReloader
INFO 2020-04-21 03:27:39,032 basehttp 154 "GET /usernames/pancan/count/ HTTP/1.1" 200 39
INFO 2020-04-21 03:27:39,036 basehttp 154 "GET /mobiles/15972148869/count/ HTTP/1.1" 200 39
INFO 2020-04-21 03:27:41,225 basehttp 154 "GET /usernames/pancan/count/ HTTP/1.1" 200 39
INFO 2020-04-21 03:27:41,226 basehttp 154 "GET /mobiles/15972148869/count/ HTTP/1.1" 200 39
INFO 2020-04-21 03:29:20,215 basehttp 154 "GET /mobiles/15972148869/count/ HTTP/1.1" 200 39
INFO 2020-04-21 03:29:32,940 basehttp 154 "GET /usernames/pancan/count/ HTTP/1.1" 200 39
INFO 2020-04-21 03:29:35,178 basehttp 154 "GET /mobiles/15972148869/count/ HTTP/1.1" 200 39
INFO 2020-04-21 04:01:36,271 autoreload 597 Watching for file changes with StatReloader
INFO 2020-04-21 04:02:53,454 autoreload 597 Watching for file changes with StatReloader
INFO 2020-04-21 04:04:05,406 autoreload 597 Watching for file changes with StatReloader
INFO 2020-04-21 04:04:57,359 autoreload 597 Watching for file changes with StatReloader
INFO 2020-04-21 04:05:29,232 autoreload 597 Watching for file changes with StatReloader
INFO 2020-04-21 04:05:47,166 autoreload 597 Watching for file changes with StatReloader
INFO 2020-04-21 04:05:52,619 basehttp 154 "GET /image_codes/b3f115c1-2aeb-4ab3-ba40-a0779c189ad4/ HTTP/1.1" 200 3177
INFO 2020-04-21 04:06:01,299 basehttp 154 "GET /image_codes/19f80457-4890-4047-99d2-663f4f474b10/ HTTP/1.1" 200 3272
INFO 2020-04-21 04:06:02,423 basehttp 154 "GET /image_codes/739f92dd-c805-481c-a636-cac94cdfffe8/ HTTP/1.1" 200 2874
INFO 2020-04-21 04:06:35,058 autoreload 597 Watching for file changes with StatReloader
INFO 2020-04-21 04:06:41,344 autoreload 597 Watching for file changes with StatReloader
INFO 2020-04-21 04:06:44,881 basehttp 154 "GET /image_codes/cfc2f6ce-22c4-4d9d-838c-a1874088ac67/ HTTP/1.1" 200 3476
INFO 2020-04-21 06:32:10,216 autoreload 597 Watching for file changes with StatReloader
INFO 2020-04-21 06:32:17,689 basehttp 154 "GET /usernames/pancan/count/ HTTP/1.1" 200 39
INFO 2020-04-21 06:32:19,103 basehttp 154 "GET /usernames/pancan/count/ HTTP/1.1" 200 39
INFO 2020-04-21 06:32:22,038 basehttp 154 "GET /image_codes/f3b30a8d-5f16-43ec-a9f6-b57ac075e5d7/ HTTP/1.1" 200 3217
INFO 2020-04-21 06:32:26,360 basehttp 154 "GET /usernames/pancan/count/ HTTP/1.1" 200 39
INFO 2020-04-21 06:32:37,690 basehttp 154 "GET /usernames/pancan/count/ HTTP/1.1" 200 39
INFO 2020-04-21 06:32:42,639 basehttp 154 "GET /usernames/pancan/count/ HTTP/1.1" 200 39
INFO 2020-04-21 06:56:41,535 autoreload 597 Watching for file changes with StatReloader
INFO 2020-04-21 07:04:08,058 autoreload 217 /home/ubuntu/Desktop/meiduo_project/meiduo_mall/meiduo_mall/settings/dev.py changed, reloading.
INFO 2020-04-21 07:04:08,441 autoreload 597 Watching for file changes with StatReloader
INFO 2020-04-21 07:58:51,940 autoreload 597 Watching for file changes with StatReloader
INFO 2020-04-21 07:59:19,968 autoreload 217 /home/ubuntu/Desktop/meiduo_project/meiduo_mall/meiduo_mall/settings/dev.py changed, reloading.
INFO 2020-04-21 07:59:20,391 autoreload 597 Watching for file changes with StatReloader
INFO 2020-04-21 07:59:20,721 basehttp 154 "GET /image_codes/39734b19-6a5b-4738-b792-374f0b0f17ed/ HTTP/1.1" 200 3383
